pdt: ----------------------------------
pdt: Thu May 08 11:25:44 CEST 2014
pdt: ----------------------------------
pdt: set debug output to LOGFILE
pdt: ----------------------------------
pdt: Thu May 08 11:25:44 CEST 2014
pdt: ----------------------------------
pdt: set debug output to LOGFILE
pdt: WARNING - 08/05 11:25:44 - PIF Default Process Work: pdt: The following Exception was caught:
org.cs3.prolog.pif.PrologInterfaceException: java.lang.NullPointerException
	at org.cs3.prolog.internal.lifecycle.InitState$1.run(InitState.java:40)
	at org.cs3.prolog.internal.lifecycle.LifeCycle$DispatcherThread.run(LifeCycle.java:59)
Caused by: java.lang.NullPointerException
	at org.cs3.prolog.internal.pif.socket.SocketServerStartAndStopStrategy.initializeBuffers(SocketServerStartAndStopStrategy.java:165)
	at org.cs3.prolog.internal.pif.socket.SocketServerStartAndStopStrategy.startSocketServer(SocketServerStartAndStopStrategy.java:114)
	at org.cs3.prolog.internal.pif.socket.SocketServerStartAndStopStrategy.startServer(SocketServerStartAndStopStrategy.java:101)
	at org.cs3.prolog.internal.pif.AbstractPrologInterface$MyLifeCycle.startServer(AbstractPrologInterface.java:243)
	at org.cs3.prolog.internal.lifecycle.InitState$1.run(InitState.java:38)
	... 1 more
pdt: WARNING - 08/05 11:25:44 - PIF Default Process Work: clearing queue
pdt: WARNING - 08/05 11:25:44 - Worker-1: pdt: The following Exception was caught:
org.cs3.prolog.pif.PrologInterfaceException: org.cs3.prolog.pif.PrologInterfaceException: java.lang.NullPointerException
	at org.cs3.prolog.internal.lifecycle.LifeCycle.waitUntilUp(LifeCycle.java:131)
	at org.cs3.prolog.internal.pif.AbstractPrologInterface.start(AbstractPrologInterface.java:508)
	at org.cs3.prolog.internal.pif.socket.SocketPrologInterface.start(SocketPrologInterface.java:300)
	at org.cs3.prolog.internal.pif.AbstractPrologInterface.getSession(AbstractPrologInterface.java:386)
	at org.cs3.prolog.internal.pif.socket.SocketPrologInterface.queryAll(SocketPrologInterface.java:403)
	at org.cs3.pdt.navigator.internal.decorators.PDTConsultDecoratorContributor.fillSetsIfNeeded(PDTConsultDecoratorContributor.java:177)
	at org.cs3.pdt.navigator.internal.decorators.PDTConsultDecoratorContributor.isCurrent(PDTConsultDecoratorContributor.java:154)
	at org.cs3.pdt.navigator.internal.decorators.PDTConsultDecoratorContributor.decorate(PDTConsultDecoratorContributor.java:82)
	at org.eclipse.ui.internal.decorators.LightweightDecoratorDefinition.decorate(LightweightDecoratorDefinition.java:263)
	at org.eclipse.ui.internal.decorators.LightweightDecoratorManager$LightweightRunnable.run(LightweightDecoratorManager.java:81)
	at org.eclipse.core.runtime.SafeRunner.run(SafeRunner.java:42)
	at org.eclipse.ui.internal.decorators.LightweightDecoratorManager.decorate(LightweightDecoratorManager.java:365)
	at org.eclipse.ui.internal.decorators.LightweightDecoratorManager.getDecorations(LightweightDecoratorManager.java:347)
	at org.eclipse.ui.internal.decorators.DecorationScheduler$1.ensureResultCached(DecorationScheduler.java:371)
	at org.eclipse.ui.internal.decorators.DecorationScheduler$1.run(DecorationScheduler.java:331)
	at org.eclipse.core.internal.jobs.Worker.run(Worker.java:53)
Caused by: org.cs3.prolog.pif.PrologInterfaceException: java.lang.NullPointerException
	at org.cs3.prolog.internal.lifecycle.InitState$1.run(InitState.java:40)
	at org.cs3.prolog.internal.lifecycle.LifeCycle$DispatcherThread.run(LifeCycle.java:59)
Caused by: java.lang.NullPointerException
	at org.cs3.prolog.internal.pif.socket.SocketServerStartAndStopStrategy.initializeBuffers(SocketServerStartAndStopStrategy.java:165)
	at org.cs3.prolog.internal.pif.socket.SocketServerStartAndStopStrategy.startSocketServer(SocketServerStartAndStopStrategy.java:114)
	at org.cs3.prolog.internal.pif.socket.SocketServerStartAndStopStrategy.startServer(SocketServerStartAndStopStrategy.java:101)
	at org.cs3.prolog.internal.pif.AbstractPrologInterface$MyLifeCycle.startServer(AbstractPrologInterface.java:243)
	at org.cs3.prolog.internal.lifecycle.InitState$1.run(InitState.java:38)
	... 1 more
pdt: WARNING - 08/05 12:18:10 - PIF Default Process Work: pdt: The following Exception was caught:
org.cs3.prolog.pif.PrologInterfaceException: java.lang.NullPointerException
	at org.cs3.prolog.internal.lifecycle.InitState$1.run(InitState.java:40)
	at org.cs3.prolog.internal.lifecycle.LifeCycle$DispatcherThread.run(LifeCycle.java:59)
Caused by: java.lang.NullPointerException
	at org.cs3.prolog.internal.pif.socket.SocketServerStartAndStopStrategy.initializeBuffers(SocketServerStartAndStopStrategy.java:165)
	at org.cs3.prolog.internal.pif.socket.SocketServerStartAndStopStrategy.startSocketServer(SocketServerStartAndStopStrategy.java:114)
	at org.cs3.prolog.internal.pif.socket.SocketServerStartAndStopStrategy.startServer(SocketServerStartAndStopStrategy.java:101)
	at org.cs3.prolog.internal.pif.AbstractPrologInterface$MyLifeCycle.startServer(AbstractPrologInterface.java:243)
	at org.cs3.prolog.internal.lifecycle.InitState$1.run(InitState.java:38)
	... 1 more
pdt: WARNING - 08/05 12:18:10 - PIF Default Process Work: clearing queue
pdt: WARNING - 08/05 12:18:10 - Worker-10: pdt: The following Exception was caught:
org.cs3.prolog.pif.PrologInterfaceException: org.cs3.prolog.pif.PrologInterfaceException: java.lang.NullPointerException
	at org.cs3.prolog.internal.lifecycle.LifeCycle.waitUntilUp(LifeCycle.java:131)
	at org.cs3.prolog.internal.pif.AbstractPrologInterface.start(AbstractPrologInterface.java:508)
	at org.cs3.prolog.internal.pif.socket.SocketPrologInterface.start(SocketPrologInterface.java:300)
	at org.cs3.prolog.internal.pif.AbstractPrologInterface.restart(AbstractPrologInterface.java:466)
	at org.cs3.prolog.internal.pif.AbstractPrologInterface.getSession(AbstractPrologInterface.java:379)
	at org.cs3.prolog.internal.pif.socket.SocketPrologInterface.queryAll(SocketPrologInterface.java:403)
	at org.cs3.pdt.navigator.internal.decorators.PDTConsultDecoratorContributor.fillSetsIfNeeded(PDTConsultDecoratorContributor.java:177)
	at org.cs3.pdt.navigator.internal.decorators.PDTConsultDecoratorContributor.isContainingFolder(PDTConsultDecoratorContributor.java:164)
	at org.cs3.pdt.navigator.internal.decorators.PDTConsultDecoratorContributor.decorate(PDTConsultDecoratorContributor.java:103)
	at org.eclipse.ui.internal.decorators.LightweightDecoratorDefinition.decorate(LightweightDecoratorDefinition.java:263)
	at org.eclipse.ui.internal.decorators.LightweightDecoratorManager$LightweightRunnable.run(LightweightDecoratorManager.java:81)
	at org.eclipse.core.runtime.SafeRunner.run(SafeRunner.java:42)
	at org.eclipse.ui.internal.decorators.LightweightDecoratorManager.decorate(LightweightDecoratorManager.java:365)
	at org.eclipse.ui.internal.decorators.LightweightDecoratorManager.getDecorations(LightweightDecoratorManager.java:347)
	at org.eclipse.ui.internal.decorators.DecorationScheduler$1.ensureResultCached(DecorationScheduler.java:371)
	at org.eclipse.ui.internal.decorators.DecorationScheduler$1.run(DecorationScheduler.java:331)
	at org.eclipse.core.internal.jobs.Worker.run(Worker.java:53)
Caused by: org.cs3.prolog.pif.PrologInterfaceException: java.lang.NullPointerException
	at org.cs3.prolog.internal.lifecycle.InitState$1.run(InitState.java:40)
	at org.cs3.prolog.internal.lifecycle.LifeCycle$DispatcherThread.run(LifeCycle.java:59)
Caused by: java.lang.NullPointerException
	at org.cs3.prolog.internal.pif.socket.SocketServerStartAndStopStrategy.initializeBuffers(SocketServerStartAndStopStrategy.java:165)
	at org.cs3.prolog.internal.pif.socket.SocketServerStartAndStopStrategy.startSocketServer(SocketServerStartAndStopStrategy.java:114)
	at org.cs3.prolog.internal.pif.socket.SocketServerStartAndStopStrategy.startServer(SocketServerStartAndStopStrategy.java:101)
	at org.cs3.prolog.internal.pif.AbstractPrologInterface$MyLifeCycle.startServer(AbstractPrologInterface.java:243)
	at org.cs3.prolog.internal.lifecycle.InitState$1.run(InitState.java:38)
	... 1 more
pdt: WARNING - 08/05 12:18:13 - main: problems during shutdown of pif Default Process
pdt: WARNING - 08/05 12:18:13 - main: pdt: The following Exception was caught:
org.cs3.prolog.pif.PrologInterfaceException: org.cs3.prolog.pif.PrologInterfaceException: java.lang.NullPointerException
	at org.cs3.prolog.internal.pif.AbstractPrologInterface.stop(AbstractPrologInterface.java:522)
	at org.cs3.prolog.internal.pif.socket.SocketPrologInterface.stop(SocketPrologInterface.java:269)
	at org.cs3.prolog.connector.ui.PrologRuntimeUIPlugin.stop(PrologRuntimeUIPlugin.java:277)
	at org.eclipse.osgi.framework.internal.core.BundleContextImpl$2.run(BundleContextImpl.java:771)
	at java.security.AccessController.doPrivileged(Native Method)
	at org.eclipse.osgi.framework.internal.core.BundleContextImpl.stop(BundleContextImpl.java:764)
	at org.eclipse.osgi.framework.internal.core.BundleHost.stopWorker(BundleHost.java:510)
	at org.eclipse.osgi.framework.internal.core.AbstractBundle.suspend(AbstractBundle.java:566)
	at org.eclipse.osgi.framework.internal.core.Framework.suspendBundle(Framework.java:1206)
	at org.eclipse.osgi.framework.internal.core.StartLevelManager.decFWSL(StartLevelManager.java:592)
	at org.eclipse.osgi.framework.internal.core.StartLevelManager.doSetStartLevel(StartLevelManager.java:257)
	at org.eclipse.osgi.framework.internal.core.StartLevelManager.shutdown(StartLevelManager.java:215)
	at org.eclipse.osgi.framework.internal.core.InternalSystemBundle.suspend(InternalSystemBundle.java:284)
	at org.eclipse.osgi.framework.internal.core.Framework.shutdown(Framework.java:692)
	at org.eclipse.osgi.framework.internal.core.Framework.close(Framework.java:600)
	at org.eclipse.core.runtime.adaptor.EclipseStarter.shutdown(EclipseStarter.java:400)
	at org.eclipse.core.runtime.adaptor.EclipseStarter.run(EclipseStarter.java:200)
	at sun.reflect.NativeMethodAccessorImpl.invoke0(Native Method)
	at sun.reflect.NativeMethodAccessorImpl.invoke(NativeMethodAccessorImpl.java:57)
	at sun.reflect.DelegatingMethodAccessorImpl.invoke(DelegatingMethodAccessorImpl.java:43)
	at java.lang.reflect.Method.invoke(Method.java:601)
	at org.eclipse.equinox.launcher.Main.invokeFramework(Main.java:636)
	at org.eclipse.equinox.launcher.Main.basicRun(Main.java:591)
	at org.eclipse.equinox.launcher.Main.run(Main.java:1450)
Caused by: org.cs3.prolog.pif.PrologInterfaceException: java.lang.NullPointerException
	at org.cs3.prolog.internal.lifecycle.InitState$1.run(InitState.java:40)
	at org.cs3.prolog.internal.lifecycle.LifeCycle$DispatcherThread.run(LifeCycle.java:59)
Caused by: java.lang.NullPointerException
	at org.cs3.prolog.internal.pif.socket.SocketServerStartAndStopStrategy.initializeBuffers(SocketServerStartAndStopStrategy.java:165)
	at org.cs3.prolog.internal.pif.socket.SocketServerStartAndStopStrategy.startSocketServer(SocketServerStartAndStopStrategy.java:114)
	at org.cs3.prolog.internal.pif.socket.SocketServerStartAndStopStrategy.startServer(SocketServerStartAndStopStrategy.java:101)
	at org.cs3.prolog.internal.pif.AbstractPrologInterface$MyLifeCycle.startServer(AbstractPrologInterface.java:243)
	at org.cs3.prolog.internal.lifecycle.InitState$1.run(InitState.java:38)
	... 1 more
