!SESSION 2015-05-29 09:41:04.227 -----------------------------------------------
eclipse.buildId=unknown
java.version=1.8.0_25
java.vendor=Oracle Corporation
BootLoader constants: OS=macosx, ARCH=x86_64, WS=cocoa, NL=de_DE
Command-line arguments:  -console -consoleLog

!ENTRY org.eclipse.osgi 4 0 2015-05-29 09:41:04.751
!MESSAGE Bundle ./plugins/*@start not found.

!ENTRY de.cookieapp.database 4 0 2015-05-29 09:41:04.908
!MESSAGE FrameworkEvent ERROR
!STACK 0
org.osgi.framework.BundleException: Exception in de.cookieapp.database.impl.Activator.start() of bundle de.cookieapp.database.
	at org.eclipse.osgi.internal.framework.BundleContextImpl.startActivator(BundleContextImpl.java:792)
	at org.eclipse.osgi.internal.framework.BundleContextImpl.start(BundleContextImpl.java:721)
	at org.eclipse.osgi.internal.framework.EquinoxBundle.startWorker0(EquinoxBundle.java:936)
	at org.eclipse.osgi.internal.framework.EquinoxBundle$EquinoxModule.startWorker(EquinoxBundle.java:319)
	at org.eclipse.osgi.container.Module.doStart(Module.java:571)
	at org.eclipse.osgi.container.Module.start(Module.java:439)
	at org.eclipse.osgi.container.ModuleContainer$ContainerStartLevel.incStartLevel(ModuleContainer.java:1582)
	at org.eclipse.osgi.container.ModuleContainer$ContainerStartLevel.incStartLevel(ModuleContainer.java:1562)
	at org.eclipse.osgi.container.ModuleContainer$ContainerStartLevel.doContainerStartLevel(ModuleContainer.java:1533)
	at org.eclipse.osgi.container.ModuleContainer$ContainerStartLevel.dispatchEvent(ModuleContainer.java:1476)
	at org.eclipse.osgi.container.ModuleContainer$ContainerStartLevel.dispatchEvent(ModuleContainer.java:1)
	at org.eclipse.osgi.framework.eventmgr.EventManager.dispatchEvent(EventManager.java:230)
	at org.eclipse.osgi.framework.eventmgr.EventManager$EventThread.run(EventManager.java:340)
Caused by: java.lang.NullPointerException
	at de.cookieapp.database.impl.EntityManagerUtil.getEntityManagerFactory(EntityManagerUtil.java:32)
	at de.cookieapp.database.impl.EntityManagerUtil.getEntityManager(EntityManagerUtil.java:22)
	at de.cookieapp.database.impl.DataProviderImpl.<init>(DataProviderImpl.java:18)
	at de.cookieapp.database.impl.Activator.start(Activator.java:22)
	at org.eclipse.osgi.internal.framework.BundleContextImpl$3.run(BundleContextImpl.java:771)
	at org.eclipse.osgi.internal.framework.BundleContextImpl$3.run(BundleContextImpl.java:1)
	at java.security.AccessController.doPrivileged(Native Method)
	at org.eclipse.osgi.internal.framework.BundleContextImpl.startActivator(BundleContextImpl.java:764)
	... 12 more
Root exception:
java.lang.NullPointerException
	at de.cookieapp.database.impl.EntityManagerUtil.getEntityManagerFactory(EntityManagerUtil.java:32)
	at de.cookieapp.database.impl.EntityManagerUtil.getEntityManager(EntityManagerUtil.java:22)
	at de.cookieapp.database.impl.DataProviderImpl.<init>(DataProviderImpl.java:18)
	at de.cookieapp.database.impl.Activator.start(Activator.java:22)
	at org.eclipse.osgi.internal.framework.BundleContextImpl$3.run(BundleContextImpl.java:771)
	at org.eclipse.osgi.internal.framework.BundleContextImpl$3.run(BundleContextImpl.java:1)
	at java.security.AccessController.doPrivileged(Native Method)
	at org.eclipse.osgi.internal.framework.BundleContextImpl.startActivator(BundleContextImpl.java:764)
	at org.eclipse.osgi.internal.framework.BundleContextImpl.start(BundleContextImpl.java:721)
	at org.eclipse.osgi.internal.framework.EquinoxBundle.startWorker0(EquinoxBundle.java:936)
	at org.eclipse.osgi.internal.framework.EquinoxBundle$EquinoxModule.startWorker(EquinoxBundle.java:319)
	at org.eclipse.osgi.container.Module.doStart(Module.java:571)
	at org.eclipse.osgi.container.Module.start(Module.java:439)
	at org.eclipse.osgi.container.ModuleContainer$ContainerStartLevel.incStartLevel(ModuleContainer.java:1582)
	at org.eclipse.osgi.container.ModuleContainer$ContainerStartLevel.incStartLevel(ModuleContainer.java:1562)
	at org.eclipse.osgi.container.ModuleContainer$ContainerStartLevel.doContainerStartLevel(ModuleContainer.java:1533)
	at org.eclipse.osgi.container.ModuleContainer$ContainerStartLevel.dispatchEvent(ModuleContainer.java:1476)
	at org.eclipse.osgi.container.ModuleContainer$ContainerStartLevel.dispatchEvent(ModuleContainer.java:1)
	at org.eclipse.osgi.framework.eventmgr.EventManager.dispatchEvent(EventManager.java:230)
	at org.eclipse.osgi.framework.eventmgr.EventManager$EventThread.run(EventManager.java:340)

!ENTRY org.jboss.logmanager.jboss-logmanager 4 0 2015-05-29 09:41:05.103
!MESSAGE FrameworkEvent ERROR
!STACK 0
org.osgi.framework.BundleException: Could not resolve module: org.jboss.logmanager.jboss-logmanager [57]
  Unresolved requirement: Import-Package: org.jboss.modules

	at org.eclipse.osgi.container.Module.start(Module.java:434)
	at org.eclipse.osgi.container.ModuleContainer$ContainerStartLevel.incStartLevel(ModuleContainer.java:1582)
	at org.eclipse.osgi.container.ModuleContainer$ContainerStartLevel.incStartLevel(ModuleContainer.java:1562)
	at org.eclipse.osgi.container.ModuleContainer$ContainerStartLevel.doContainerStartLevel(ModuleContainer.java:1533)
	at org.eclipse.osgi.container.ModuleContainer$ContainerStartLevel.dispatchEvent(ModuleContainer.java:1476)
	at org.eclipse.osgi.container.ModuleContainer$ContainerStartLevel.dispatchEvent(ModuleContainer.java:1)
	at org.eclipse.osgi.framework.eventmgr.EventManager.dispatchEvent(EventManager.java:230)
	at org.eclipse.osgi.framework.eventmgr.EventManager$EventThread.run(EventManager.java:340)

!ENTRY org.eclipse.osgi 4 0 2015-05-29 09:41:05.534
!MESSAGE FrameworkEvent ERROR
!STACK 0
org.osgi.framework.BundleException: Could not resolve module: org.eclipse.osgi [89]
  Another singleton bundle selected: osgi.identity; osgi.identity="org.eclipse.osgi"; type="osgi.bundle"; version:Version="3.10.0.v20140606-1445"; singleton:="true"

	at org.eclipse.osgi.container.Module.start(Module.java:434)
	at org.eclipse.osgi.container.ModuleContainer$ContainerStartLevel.incStartLevel(ModuleContainer.java:1582)
	at org.eclipse.osgi.container.ModuleContainer$ContainerStartLevel.incStartLevel(ModuleContainer.java:1562)
	at org.eclipse.osgi.container.ModuleContainer$ContainerStartLevel.doContainerStartLevel(ModuleContainer.java:1533)
	at org.eclipse.osgi.container.ModuleContainer$ContainerStartLevel.dispatchEvent(ModuleContainer.java:1476)
	at org.eclipse.osgi.container.ModuleContainer$ContainerStartLevel.dispatchEvent(ModuleContainer.java:1)
	at org.eclipse.osgi.framework.eventmgr.EventManager.dispatchEvent(EventManager.java:230)
	at org.eclipse.osgi.framework.eventmgr.EventManager$EventThread.run(EventManager.java:340)
